INFO: [VRFC 10-163] Analyzing VHDL file "C:/Projects/sjtrax/project_1/project_1.srcs/sources_1/ip/ila_uart/sim/ila_uart.vhd" into library xil_defaultlib
INFO: [VRFC 10-307] analyzing entity ila_uart
INFO: [VRFC 10-163] Analyzing VHDL file "C:/Projects/sjtrax/project_1/project_1.ip_user_files/ipstatic/fifo_generator_v13_0_1/simulation/fifo_generator_vhdl_beh.vhd" into library fifo_generator_v13_0_1
INFO: [VRFC 10-307] analyzing entity fifo_generator_v13_0_1_bhv_as
INFO: [VRFC 10-307] analyzing entity fifo_generator_v13_0_1_bhv_ss
INFO: [VRFC 10-307] analyzing entity fifo_generator_v13_0_1_bhv_preload0
INFO: [VRFC 10-307] analyzing entity fifo_generator_v13_0_1_conv
INFO: [VRFC 10-307] analyzing entity fifo_generator_v13_0_1_axic_reg_slice
INFO: [VRFC 10-307] analyzing entity fifo_generator_vhdl_beh
INFO: [VRFC 10-163] Analyzing VHDL file "C:/Projects/sjtrax/project_1/project_1.ip_user_files/ipstatic/fifo_generator_v13_0_1/hdl/fifo_generator_v13_0_rfs.vhd" into library fifo_generator_v13_0_1
INFO: [VRFC 10-307] analyzing entity input_blk
INFO: [VRFC 10-307] analyzing entity output_blk
INFO: [VRFC 10-307] analyzing entity shft_wrapper
INFO: [VRFC 10-307] analyzing entity shft_ram
INFO: [VRFC 10-307] analyzing entity wr_pf_as
INFO: [VRFC 10-307] analyzing entity wr_pf_ss
INFO: [VRFC 10-307] analyzing entity rd_pe_as
INFO: [VRFC 10-307] analyzing entity rd_pe_ss
INFO: [VRFC 10-307] analyzing entity synchronizer_ff
INFO: [VRFC 10-307] analyzing entity delay
INFO: [VRFC 10-307] analyzing entity bin_cntr
INFO: [VRFC 10-307] analyzing entity clk_x_pntrs_builtin
INFO: [VRFC 10-307] analyzing entity logic_builtin
INFO: [VRFC 10-307] analyzing entity builtin_prim
INFO: [VRFC 10-307] analyzing entity builtin_extdepth
INFO: [VRFC 10-307] analyzing entity builtin_top
INFO: [VRFC 10-307] analyzing entity reset_builtin
INFO: [VRFC 10-307] analyzing entity builtin_prim_v6
INFO: [VRFC 10-307] analyzing entity builtin_extdepth_v6
INFO: [VRFC 10-307] analyzing entity builtin_extdepth_low_latency
INFO: [VRFC 10-307] analyzing entity builtin_top_v6
INFO: [VRFC 10-307] analyzing entity fifo_generator_v13_0_1_builtin
INFO: [VRFC 10-307] analyzing entity bram_sync_reg
INFO: [VRFC 10-307] analyzing entity bram_fifo_rstlogic
INFO: [VRFC 10-307] analyzing entity reset_blk_ramfifo
INFO: [VRFC 10-307] analyzing entity axi_reg_slice
INFO: [VRFC 10-307] analyzing entity fifo_generator_top
INFO: [VRFC 10-307] analyzing entity fifo_generator_v13_0_1_synth
INFO: [VRFC 10-307] analyzing entity fifo_generator_v13_0_1
INFO: [VRFC 10-163] Analyzing VHDL file "C:/Projects/sjtrax/project_1/project_1.srcs/sources_1/ip/uart_tx_fifo/sim/uart_tx_fifo.vhd" into library xil_defaultlib
INFO: [VRFC 10-307] analyzing entity uart_tx_fifo
INFO: [VRFC 10-163] Analyzing VHDL file "C:/Projects/sjtrax/project_1/project_1.srcs/sources_1/ip/vio_uart/sim/vio_uart.vhd" into library xil_defaultlib
INFO: [VRFC 10-307] analyzing entity vio_uart
INFO: [VRFC 10-163] Analyzing VHDL file "C:/Projects/sjtrax/project_1/project_1.srcs/sources_1/ip/uartmon_fifo/sim/uartmon_fifo.vhd" into library xil_defaultlib
INFO: [VRFC 10-307] analyzing entity uartmon_fifo
INFO: [VRFC 10-163] Analyzing VHDL file "C:/Projects/sjtrax/project_1/project_1.srcs/sources_1/ip/vio_uartmon_ctrl/sim/vio_uartmon_ctrl.vhd" into library xil_defaultlib
INFO: [VRFC 10-307] analyzing entity vio_uartmon_ctrl
INFO: [VRFC 10-163] Analyzing VHDL file "C:/Projects/sjtrax/project_1/project_1.srcs/sources_1/ip/ila_uartmon/sim/ila_uartmon.vhd" into library xil_defaultlib
INFO: [VRFC 10-307] analyzing entity ila_uartmon
INFO: [VRFC 10-163] Analyzing VHDL file "C:/Projects/sjtrax/project_1/project_1.ip_user_files/ipstatic/blk_mem_gen_v8_3_1/simulation/blk_mem_gen_v8_3.vhd" into library blk_mem_gen_v8_3_1
INFO: [VRFC 10-307] analyzing entity blk_mem_axi_regs_fwd_v8_3
INFO: [VRFC 10-307] analyzing entity blk_mem_axi_write_wrapper_beh
INFO: [VRFC 10-307] analyzing entity write_netlist
INFO: [VRFC 10-307] analyzing entity blk_mem_axi_read_wrapper_beh
INFO: [VRFC 10-307] analyzing entity read_netlist
INFO: [VRFC 10-307] analyzing entity blk_mem_gen_v8_3_1_output_stage
INFO: [VRFC 10-307] analyzing entity blk_mem_gen_v8_3_1_softecc_output_reg_stage
INFO: [VRFC 10-307] analyzing entity blk_mem_gen_v8_3_1_mem_module
INFO: [VRFC 10-307] analyzing entity blk_mem_gen_v8_3_1
INFO: [VRFC 10-307] analyzing entity beh_ff_clr
INFO: [VRFC 10-307] analyzing entity beh_ff_ce
INFO: [VRFC 10-307] analyzing entity beh_ff_pre
INFO: [VRFC 10-307] analyzing entity beh_muxf7
INFO: [VRFC 10-307] analyzing entity STATE_LOGIC
INFO: [VRFC 10-163] Analyzing VHDL file "C:/Projects/sjtrax/project_1/project_1.srcs/sources_1/ip/map_mem/sim/map_mem.vhd" into library xil_defaultlib
INFO: [VRFC 10-307] analyzing entity map_mem
INFO: [VRFC 10-163] Analyzing VHDL file "C:/Projects/sjtrax/project_1/project_1.srcs/sources_1/ip/vio_botctrl/sim/vio_botctrl.vhd" into library xil_defaultlib
INFO: [VRFC 10-307] analyzing entity vio_botctrl
INFO: [VRFC 10-163] Analyzing VHDL file "C:/Projects/sjtrax/project_1/project_1.srcs/sources_1/ip/vio_receivedata/sim/vio_receivedata.vhd" into library xil_defaultlib
INFO: [VRFC 10-307] analyzing entity vio_receivedata
INFO: [VRFC 10-163] Analyzing VHDL file "C:/Projects/mish_vhdl/mish_div.vhd" into library xil_defaultlib
INFO: [VRFC 10-307] analyzing entity mish_div
INFO: [VRFC 10-307] analyzing entity sim_mish_div
INFO: [VRFC 10-163] Analyzing VHDL file "C:/Projects/sjtrax/src/uartmon.vhd" into library xil_defaultlib
INFO: [VRFC 10-307] analyzing entity uartmon
INFO: [VRFC 10-163] Analyzing VHDL file "C:/Projects/sjtrax/src/tx_led.vhd" into library xil_defaultlib
INFO: [VRFC 10-307] analyzing entity tx_led
INFO: [VRFC 10-163] Analyzing VHDL file "C:/Projects/sjtrax/src/traxif.vhd" into library xil_defaultlib
INFO: [VRFC 10-307] analyzing entity traxif_rx
INFO: [VRFC 10-307] analyzing entity traxif_tx
INFO: [VRFC 10-307] analyzing entity sim_traxif_rx
INFO: [VRFC 10-307] analyzing entity sim_traxif_tx
INFO: [VRFC 10-307] analyzing entity sim_traxif
INFO: [VRFC 10-163] Analyzing VHDL file "C:/Projects/mish_vhdl/mish_uart.vhd" into library xil_defaultlib
INFO: [VRFC 10-307] analyzing entity uart_semi_abaud
INFO: [VRFC 10-307] analyzing entity uart_tx
INFO: [VRFC 10-307] analyzing entity uart_rx
INFO: [VRFC 10-307] analyzing entity mish_uart
INFO: [VRFC 10-307] analyzing entity tb_mish_uart
INFO: [VRFC 10-163] Analyzing VHDL file "C:/Projects/sjtrax/src/bot2.vhd" into library xil_defaultlib
INFO: [VRFC 10-307] analyzing entity bot2
INFO: [VRFC 10-307] analyzing entity sim_bot2
INFO: [VRFC 10-163] Analyzing VHDL file "C:/Projects/sjtrax/src/sjtrax.vhd" into library xil_defaultlib
INFO: [VRFC 10-307] analyzing entity sjtrax
INFO: [VRFC 10-163] Analyzing VHDL file "C:/Projects/mish_vhdl/mish_simple_arbiter.vhd" into library xil_defaultlib
INFO: [VRFC 10-307] analyzing entity mish_simple_arbiter
INFO: [VRFC 10-307] analyzing entity sim_mish_simple_arbiter
INFO: [VRFC 10-163] Analyzing VHDL file "C:/Projects/mish_vhdl/mish_prbs15.vhd" into library xil_defaultlib
INFO: [VRFC 10-307] analyzing entity mish_prbs15s
INFO: [VRFC 10-307] analyzing entity mish_prbs15p16
INFO: [VRFC 10-307] analyzing entity mish_prbs15p16b
INFO: [VRFC 10-307] analyzing entity mish_prbs15p32b
INFO: [VRFC 10-307] analyzing entity mish_prbs15p64b
INFO: [VRFC 10-307] analyzing entity mish_prbs15s_ck
INFO: [VRFC 10-307] analyzing entity mish_prbs15p16_ck
INFO: [VRFC 10-307] analyzing entity tb_mish_prbs15
INFO: [VRFC 10-163] Analyzing VHDL file "C:/Projects/sjtrax/src/initialcom.vhd" into library xil_defaultlib
INFO: [VRFC 10-307] analyzing entity initialcom
INFO: [VRFC 10-163] Analyzing VHDL file "C:/Projects/sjtrax/src/mapmem.vhd" into library xil_defaultlib
INFO: [VRFC 10-307] analyzing entity mapmem
INFO: [VRFC 10-307] analyzing entity sim_mapmem
INFO: [VRFC 10-163] Analyzing VHDL file "C:/Projects/sjtrax/src/lookup.vhd" into library xil_defaultlib
INFO: [VRFC 10-307] analyzing entity lookup
INFO: [VRFC 10-307] analyzing entity sim_lookup
INFO: [VRFC 10-163] Analyzing VHDL file "C:/Projects/sjtrax/src/getaroundcolors.vhd" into library xil_defaultlib
INFO: [VRFC 10-307] analyzing entity getaroundcolors
INFO: [VRFC 10-307] analyzing entity sim_getaroundcolors
INFO: [VRFC 10-163] Analyzing VHDL file "C:/Projects/sjtrax/src/scan_forced.vhd" into library xil_defaultlib
INFO: [VRFC 10-307] analyzing entity scan_forced
INFO: [VRFC 10-307] analyzing entity sim_scan_forced
INFO: [VRFC 10-163] Analyzing VHDL file "C:/Projects/sjtrax/src/opposite_color.vhd" into library xil_defaultlib
INFO: [VRFC 10-307] analyzing entity opposite_color
INFO: [VRFC 10-163] Analyzing VHDL file "C:/Projects/sjtrax/src/is_prohibited_3.vhd" into library xil_defaultlib
INFO: [VRFC 10-307] analyzing entity is_prohibited_3
INFO: [VRFC 10-163] Analyzing VHDL file "C:/Projects/sjtrax/src/is_consistent_placement.vhd" into library xil_defaultlib
INFO: [VRFC 10-307] analyzing entity is_consistent_placement
INFO: [VRFC 10-163] Analyzing VHDL file "C:/Projects/sjtrax/src/is_isolated.vhd" into library xil_defaultlib
INFO: [VRFC 10-307] analyzing entity is_isolated
INFO: [VRFC 10-163] Analyzing VHDL file "C:/Projects/sjtrax/src/color_the_tile.vhd" into library xil_defaultlib
INFO: [VRFC 10-307] analyzing entity color_the_tile
INFO: [VRFC 10-163] Analyzing VHDL file "C:/Projects/sjtrax/src/map_mem_w.vhd" into library xil_defaultlib
INFO: [VRFC 10-307] analyzing entity map_mem_w
INFO: [VRFC 10-307] analyzing entity sim_map_mem_w
INFO: [VRFC 10-163] Analyzing VHDL file "C:/Projects/sjtrax/src/rnd_note_gen.vhd" into library xil_defaultlib
INFO: [VRFC 10-307] analyzing entity make_mask
INFO: [VRFC 10-307] analyzing entity rnd_note_gen
INFO: [VRFC 10-307] analyzing entity sim_rnd_note_gen
INFO: [VRFC 10-163] Analyzing VHDL file "C:/Projects/sjtrax/src/board_area.vhd" into library xil_defaultlib
INFO: [VRFC 10-307] analyzing entity board_area
